<?xml version="1.0" encoding="UTF-8"?>
<!-- Generated by org.testng.reporters.JUnitXMLReporter -->
<testsuite hostname="Nirmal" name="Default test" tests="1" failures="0" timestamp="18 Sep 2016 09:59:07 GMT" time="52.99" errors="0">
  <testcase name="@BeforeClass readProperties" time="0.0" classname="websitetest.HomePageTest">
    <failure type="org.openqa.selenium.WebDriverException" message="Failed to connect to binary FirefoxBinary(C:\Program Files (x86)\Mozilla Firefox\firefox.exe) on port 7055; process output follows: 
ateKey&amp;quot;:null,&amp;quot;optionsURL&amp;quot;:null,&amp;quot;optionsType&amp;quot;:null,&amp;quot;aboutURL&amp;quot;:null,&amp;quot;icons&amp;quot;:{&amp;quot;32&amp;quot;:&amp;quot;icon.png&amp;quot;,&amp;quot;48&amp;quot;:&amp;quot;icon.png&amp;quot;},&amp;quot;iconURL&amp;quot;:null,&amp;quot;icon64URL&amp;quot;:null,&amp;quot;defaultLocale&amp;quot;:{&amp;quot;name&amp;quot;:&amp;quot;Default&amp;quot;,&amp;quot;description&amp;quot;:&amp;quot;The default theme.&amp;quot;,&amp;quot;creator&amp;quot;:&amp;quot;Mozilla&amp;quot;,&amp;quot;homepageURL&amp;quot;:null,&amp;quot;contributors&amp;quot;:[&amp;quot;Mozilla Contributors&amp;quot;]},&amp;quot;visible&amp;quot;:true,&amp;quot;active&amp;quot;:true,&amp;quot;userDisabled&amp;quot;:false,&amp;quot;appDisabled&amp;quot;:false,&amp;quot;descriptor&amp;quot;:&amp;quot;C:\\Program Files (x86)\\Mozilla Firefox\\browser\\extensions\\{972ce4c6-7e08-4474-a285-3208198ce6fd}.xpi&amp;quot;,&amp;quot;installDate&amp;quot;:1472366127410,&amp;quot;updateDate&amp;quot;:1472366127410,&amp;quot;applyBackgroundUpdates&amp;quot;:1,&amp;quot;skinnable&amp;quot;:true,&amp;quot;size&amp;quot;:21899,&amp;quot;sourceURI&amp;quot;:null,&amp;quot;releaseNotesURI&amp;quot;:null,&amp;quot;softDisabled&amp;quot;:false,&amp;quot;foreignInstall&amp;quot;:false,&amp;quot;hasBinaryComponents&amp;quot;:false,&amp;quot;strictCompatibility&amp;quot;:true,&amp;quot;locales&amp;quot;:[],&amp;quot;targetApplications&amp;quot;:[{&amp;quot;id&amp;quot;:&amp;quot;{ec8030f7-c20a-464f-9b0e-13a3a9e97384}&amp;quot;,&amp;quot;minVersion&amp;quot;:&amp;quot;49.0&amp;quot;,&amp;quot;maxVersion&amp;quot;:&amp;quot;49.0&amp;quot;}],&amp;quot;targetPlatforms&amp;quot;:[],&amp;quot;seen&amp;quot;:true}
1474192705944	addons.xpi	DEBUG	getModTime: Recursive scan of {972ce4c6-7e08-4474-a285-3208198ce6fd}
1474192705950	DeferredSave.extensions.json	DEBUG	Save changes
1474192705951	addons.xpi	DEBUG	Updating database with changes to installed add-ons
1474192705951	addons.xpi-utils	DEBUG	Updating add-on states
1474192705959	addons.xpi-utils	DEBUG	Writing add-ons list
1474192706011	addons.xpi	DEBUG	Registering manifest for C:\Program Files (x86)\Mozilla Firefox\browser\features\e10srollout@mozilla.org.xpi
1474192706013	addons.xpi	DEBUG	Calling bootstrap method startup on e10srollout@mozilla.org version 1.0
1474192706013	addons.xpi	DEBUG	Registering manifest for C:\Program Files (x86)\Mozilla Firefox\browser\features\firefox@getpocket.com.xpi
1474192706016	addons.xpi	DEBUG	Calling bootstrap method startup on firefox@getpocket.com version 1.0.4
1474192706019	addons.xpi	DEBUG	Registering manifest for C:\Program Files (x86)\Mozilla Firefox\browser\features\webcompat@mozilla.org.xpi
1474192706022	addons.xpi	DEBUG	Calling bootstrap method startup on webcompat@mozilla.org version 1.0
1474192706031	addons.manager	DEBUG	Registering shutdown blocker for XPIProvider
1474192706032	addons.manager	DEBUG	Provider finished startup: XPIProvider
1474192706032	addons.manager	DEBUG	Starting provider: LightweightThemeManager
1474192706033	addons.manager	DEBUG	Registering shutdown blocker for LightweightThemeManager
1474192706034	addons.manager	DEBUG	Provider finished startup: LightweightThemeManager
1474192706036	addons.manager	DEBUG	Starting provider: GMPProvider
1474192706079	addons.manager	DEBUG	Registering shutdown blocker for GMPProvider
1474192706082	addons.manager	DEBUG	Provider finished startup: GMPProvider
1474192706084	addons.manager	DEBUG	Starting provider: PluginProvider
1474192706085	addons.manager	DEBUG	Registering shutdown blocker for PluginProvider
1474192706087	addons.manager	DEBUG	Provider finished startup: PluginProvider
1474192706089	addons.manager	DEBUG	Completed startup sequence
1474192708312	addons.manager	DEBUG	Starting provider: &amp;lt;unnamed-provider&amp;gt;
1474192708312	addons.manager	DEBUG	Registering shutdown blocker for &amp;lt;unnamed-provider&amp;gt;
1474192708316	addons.manager	DEBUG	Provider finished startup: &amp;lt;unnamed-provider&amp;gt;
1474192709937	DeferredSave.extensions.json	DEBUG	Write succeeded
1474192709937	addons.xpi-utils	DEBUG	XPI Database saved, setting schema version preference to 17
1474192709937	DeferredSave.extensions.json	DEBUG	Starting timer
1474192709977	DeferredSave.extensions.json	DEBUG	Starting write
1474192710020	addons.repository	DEBUG	No addons.json found.
1474192710021	DeferredSave.addons.json	DEBUG	Save changes
1474192710048	DeferredSave.addons.json	DEBUG	Starting timer
1474192711074	addons.manager	DEBUG	Starting provider: PreviousExperimentProvider
1474192711075	addons.manager	DEBUG	Registering shutdown blocker for PreviousExperimentProvider
1474192711079	addons.manager	DEBUG	Provider finished startup: PreviousExperimentProvider
1474192711090	DeferredSave.addons.json	DEBUG	Starting write
1474192711136	DeferredSave.extensions.json	DEBUG	Write succeeded
1474192711231	DeferredSave.addons.json	DEBUG	Write succeeded

Build info: version: &amp;apos;2.53.1&amp;apos;, revision: &amp;apos;a36b8b1&amp;apos;, time: &amp;apos;2016-06-30 17:37:03&amp;apos;
System info: host: &amp;apos;Nirmal&amp;apos;, ip: &amp;apos;192.168.2.3&amp;apos;, os.name: &amp;apos;Windows 8.1&amp;apos;, os.arch: &amp;apos;amd64&amp;apos;, os.version: &amp;apos;6.3&amp;apos;, java.version: &amp;apos;1.8.0_73&amp;apos;
Driver info: driver.version: FirefoxDriver">
      <![CDATA[org.openqa.selenium.WebDriverException: Failed to connect to binary FirefoxBinary(C:\Program Files (x86)\Mozilla Firefox\firefox.exe) on port 7055; process output follows: 
ateKey":null,"optionsURL":null,"optionsType":null,"aboutURL":null,"icons":{"32":"icon.png","48":"icon.png"},"iconURL":null,"icon64URL":null,"defaultLocale":{"name":"Default","description":"The default theme.","creator":"Mozilla","homepageURL":null,"contributors":["Mozilla Contributors"]},"visible":true,"active":true,"userDisabled":false,"appDisabled":false,"descriptor":"C:\\Program Files (x86)\\Mozilla Firefox\\browser\\extensions\\{972ce4c6-7e08-4474-a285-3208198ce6fd}.xpi","installDate":1472366127410,"updateDate":1472366127410,"applyBackgroundUpdates":1,"skinnable":true,"size":21899,"sourceURI":null,"releaseNotesURI":null,"softDisabled":false,"foreignInstall":false,"hasBinaryComponents":false,"strictCompatibility":true,"locales":[],"targetApplications":[{"id":"{ec8030f7-c20a-464f-9b0e-13a3a9e97384}","minVersion":"49.0","maxVersion":"49.0"}],"targetPlatforms":[],"seen":true}
1474192705944	addons.xpi	DEBUG	getModTime: Recursive scan of {972ce4c6-7e08-4474-a285-3208198ce6fd}
1474192705950	DeferredSave.extensions.json	DEBUG	Save changes
1474192705951	addons.xpi	DEBUG	Updating database with changes to installed add-ons
1474192705951	addons.xpi-utils	DEBUG	Updating add-on states
1474192705959	addons.xpi-utils	DEBUG	Writing add-ons list
1474192706011	addons.xpi	DEBUG	Registering manifest for C:\Program Files (x86)\Mozilla Firefox\browser\features\e10srollout@mozilla.org.xpi
1474192706013	addons.xpi	DEBUG	Calling bootstrap method startup on e10srollout@mozilla.org version 1.0
1474192706013	addons.xpi	DEBUG	Registering manifest for C:\Program Files (x86)\Mozilla Firefox\browser\features\firefox@getpocket.com.xpi
1474192706016	addons.xpi	DEBUG	Calling bootstrap method startup on firefox@getpocket.com version 1.0.4
1474192706019	addons.xpi	DEBUG	Registering manifest for C:\Program Files (x86)\Mozilla Firefox\browser\features\webcompat@mozilla.org.xpi
1474192706022	addons.xpi	DEBUG	Calling bootstrap method startup on webcompat@mozilla.org version 1.0
1474192706031	addons.manager	DEBUG	Registering shutdown blocker for XPIProvider
1474192706032	addons.manager	DEBUG	Provider finished startup: XPIProvider
1474192706032	addons.manager	DEBUG	Starting provider: LightweightThemeManager
1474192706033	addons.manager	DEBUG	Registering shutdown blocker for LightweightThemeManager
1474192706034	addons.manager	DEBUG	Provider finished startup: LightweightThemeManager
1474192706036	addons.manager	DEBUG	Starting provider: GMPProvider
1474192706079	addons.manager	DEBUG	Registering shutdown blocker for GMPProvider
1474192706082	addons.manager	DEBUG	Provider finished startup: GMPProvider
1474192706084	addons.manager	DEBUG	Starting provider: PluginProvider
1474192706085	addons.manager	DEBUG	Registering shutdown blocker for PluginProvider
1474192706087	addons.manager	DEBUG	Provider finished startup: PluginProvider
1474192706089	addons.manager	DEBUG	Completed startup sequence
1474192708312	addons.manager	DEBUG	Starting provider: <unnamed-provider>
1474192708312	addons.manager	DEBUG	Registering shutdown blocker for <unnamed-provider>
1474192708316	addons.manager	DEBUG	Provider finished startup: <unnamed-provider>
1474192709937	DeferredSave.extensions.json	DEBUG	Write succeeded
1474192709937	addons.xpi-utils	DEBUG	XPI Database saved, setting schema version preference to 17
1474192709937	DeferredSave.extensions.json	DEBUG	Starting timer
1474192709977	DeferredSave.extensions.json	DEBUG	Starting write
1474192710020	addons.repository	DEBUG	No addons.json found.
1474192710021	DeferredSave.addons.json	DEBUG	Save changes
1474192710048	DeferredSave.addons.json	DEBUG	Starting timer
1474192711074	addons.manager	DEBUG	Starting provider: PreviousExperimentProvider
1474192711075	addons.manager	DEBUG	Registering shutdown blocker for PreviousExperimentProvider
1474192711079	addons.manager	DEBUG	Provider finished startup: PreviousExperimentProvider
1474192711090	DeferredSave.addons.json	DEBUG	Starting write
1474192711136	DeferredSave.extensions.json	DEBUG	Write succeeded
1474192711231	DeferredSave.addons.json	DEBUG	Write succeeded

Build info: version: '2.53.1', revision: 'a36b8b1', time: '2016-06-30 17:37:03'
System info: host: 'Nirmal', ip: '192.168.2.3', os.name: 'Windows 8.1', os.arch: 'amd64', os.version: '6.3', java.version: '1.8.0_73'
Driver info: driver.version: FirefoxDriver
	at org.openqa.selenium.firefox.internal.NewProfileExtensionConnection.start(NewProfileExtensionConnection.java:124)
	at org.openqa.selenium.firefox.FirefoxDriver.startClient(FirefoxDriver.java:271)
	at org.openqa.selenium.remote.RemoteWebDriver.<init>(RemoteWebDriver.java:119)
	at org.openqa.selenium.firefox.FirefoxDriver.<init>(FirefoxDriver.java:218)
	at org.openqa.selenium.firefox.FirefoxDriver.<init>(FirefoxDriver.java:211)
	at org.openqa.selenium.firefox.FirefoxDriver.<init>(FirefoxDriver.java:207)
	at org.openqa.selenium.firefox.FirefoxDriver.<init>(FirefoxDriver.java:120)
	at framework.DriverInitialize.setBrowser(DriverInitialize.java:30)
	at framework.DriverOperations.navigateToUrl(DriverOperations.java:34)
	at common.pages.BaseClassMain.readProperties(BaseClassMain.java:45)
	at sun.reflect.NativeMethodAccessorImpl.invoke0(Native Method)
	at sun.reflect.NativeMethodAccessorImpl.invoke(NativeMethodAccessorImpl.java:62)
	at sun.reflect.DelegatingMethodAccessorImpl.invoke(DelegatingMethodAccessorImpl.java:43)
	at java.lang.reflect.Method.invoke(Method.java:497)
	at org.testng.internal.MethodInvocationHelper.invokeMethod(MethodInvocationHelper.java:85)
	at org.testng.internal.Invoker.invokeConfigurationMethod(Invoker.java:510)
	at org.testng.internal.Invoker.invokeConfigurations(Invoker.java:211)
	at org.testng.internal.Invoker.invokeConfigurations(Invoker.java:138)
	at org.testng.internal.TestMethodWorker.invokeBeforeClassMethods(TestMethodWorker.java:170)
	at org.testng.internal.TestMethodWorker.run(TestMethodWorker.java:104)
	at org.testng.TestRunner.privateRun(TestRunner.java:774)
	at org.testng.TestRunner.run(TestRunner.java:624)
	at org.testng.SuiteRunner.runTest(SuiteRunner.java:359)
	at org.testng.SuiteRunner.runSequentially(SuiteRunner.java:354)
	at org.testng.SuiteRunner.privateRun(SuiteRunner.java:312)
	at org.testng.SuiteRunner.run(SuiteRunner.java:261)
	at org.testng.SuiteRunnerWorker.runSuite(SuiteRunnerWorker.java:52)
	at org.testng.SuiteRunnerWorker.run(SuiteRunnerWorker.java:86)
	at org.testng.TestNG.runSuitesSequentially(TestNG.java:1215)
	at org.testng.TestNG.runSuitesLocally(TestNG.java:1140)
	at org.testng.TestNG.run(TestNG.java:1048)
	at org.testng.remote.AbstractRemoteTestNG.run(AbstractRemoteTestNG.java:126)
	at org.testng.remote.RemoteTestNG.initAndRun(RemoteTestNG.java:152)
	at org.testng.remote.RemoteTestNG.main(RemoteTestNG.java:57)
Caused by: org.openqa.selenium.firefox.NotConnectedException: Unable to connect to host 127.0.0.1 on port 7055 after 45000 ms. Firefox console output:
ateKey":null,"optionsURL":null,"optionsType":null,"aboutURL":null,"icons":{"32":"icon.png","48":"icon.png"},"iconURL":null,"icon64URL":null,"defaultLocale":{"name":"Default","description":"The default theme.","creator":"Mozilla","homepageURL":null,"contributors":["Mozilla Contributors"]},"visible":true,"active":true,"userDisabled":false,"appDisabled":false,"descriptor":"C:\\Program Files (x86)\\Mozilla Firefox\\browser\\extensions\\{972ce4c6-7e08-4474-a285-3208198ce6fd}.xpi","installDate":1472366127410,"updateDate":1472366127410,"applyBackgroundUpdates":1,"skinnable":true,"size":21899,"sourceURI":null,"releaseNotesURI":null,"softDisabled":false,"foreignInstall":false,"hasBinaryComponents":false,"strictCompatibility":true,"locales":[],"targetApplications":[{"id":"{ec8030f7-c20a-464f-9b0e-13a3a9e97384}","minVersion":"49.0","maxVersion":"49.0"}],"targetPlatforms":[],"seen":true}
1474192705944	addons.xpi	DEBUG	getModTime: Recursive scan of {972ce4c6-7e08-4474-a285-3208198ce6fd}
1474192705950	DeferredSave.extensions.json	DEBUG	Save changes
1474192705951	addons.xpi	DEBUG	Updating database with changes to installed add-ons
1474192705951	addons.xpi-utils	DEBUG	Updating add-on states
1474192705959	addons.xpi-utils	DEBUG	Writing add-ons list
1474192706011	addons.xpi	DEBUG	Registering manifest for C:\Program Files (x86)\Mozilla Firefox\browser\features\e10srollout@mozilla.org.xpi
1474192706013	addons.xpi	DEBUG	Calling bootstrap method startup on e10srollout@mozilla.org version 1.0
1474192706013	addons.xpi	DEBUG	Registering manifest for C:\Program Files (x86)\Mozilla Firefox\browser\features\firefox@getpocket.com.xpi
1474192706016	addons.xpi	DEBUG	Calling bootstrap method startup on firefox@getpocket.com version 1.0.4
1474192706019	addons.xpi	DEBUG	Registering manifest for C:\Program Files (x86)\Mozilla Firefox\browser\features\webcompat@mozilla.org.xpi
1474192706022	addons.xpi	DEBUG	Calling bootstrap method startup on webcompat@mozilla.org version 1.0
1474192706031	addons.manager	DEBUG	Registering shutdown blocker for XPIProvider
1474192706032	addons.manager	DEBUG	Provider finished startup: XPIProvider
1474192706032	addons.manager	DEBUG	Starting provider: LightweightThemeManager
1474192706033	addons.manager	DEBUG	Registering shutdown blocker for LightweightThemeManager
1474192706034	addons.manager	DEBUG	Provider finished startup: LightweightThemeManager
1474192706036	addons.manager	DEBUG	Starting provider: GMPProvider
1474192706079	addons.manager	DEBUG	Registering shutdown blocker for GMPProvider
1474192706082	addons.manager	DEBUG	Provider finished startup: GMPProvider
1474192706084	addons.manager	DEBUG	Starting provider: PluginProvider
1474192706085	addons.manager	DEBUG	Registering shutdown blocker for PluginProvider
1474192706087	addons.manager	DEBUG	Provider finished startup: PluginProvider
1474192706089	addons.manager	DEBUG	Completed startup sequence
1474192708312	addons.manager	DEBUG	Starting provider: <unnamed-provider>
1474192708312	addons.manager	DEBUG	Registering shutdown blocker for <unnamed-provider>
1474192708316	addons.manager	DEBUG	Provider finished startup: <unnamed-provider>
1474192709937	DeferredSave.extensions.json	DEBUG	Write succeeded
1474192709937	addons.xpi-utils	DEBUG	XPI Database saved, setting schema version preference to 17
1474192709937	DeferredSave.extensions.json	DEBUG	Starting timer
1474192709977	DeferredSave.extensions.json	DEBUG	Starting write
1474192710020	addons.repository	DEBUG	No addons.json found.
1474192710021	DeferredSave.addons.json	DEBUG	Save changes
1474192710048	DeferredSave.addons.json	DEBUG	Starting timer
1474192711074	addons.manager	DEBUG	Starting provider: PreviousExperimentProvider
1474192711075	addons.manager	DEBUG	Registering shutdown blocker for PreviousExperimentProvider
1474192711079	addons.manager	DEBUG	Provider finished startup: PreviousExperimentProvider
1474192711090	DeferredSave.addons.json	DEBUG	Starting write
1474192711136	DeferredSave.extensions.json	DEBUG	Write succeeded
1474192711231	DeferredSave.addons.json	DEBUG	Write succeeded

	at org.openqa.selenium.firefox.internal.NewProfileExtensionConnection.start(NewProfileExtensionConnection.java:112)
	... 33 more
]]>
    </failure>
  </testcase> <!-- @BeforeClass readProperties -->
  <testcase name="@AfterMethod takeScreenShotOnFailure" time="0.0" classname="websitetest.HomePageTest">
    <skipped/>
  </testcase> <!-- @AfterMethod takeScreenShotOnFailure -->
  <testcase name="@AfterClass tearDown" time="0.0" classname="websitetest.HomePageTest">
    <skipped/>
  </testcase> <!-- @AfterClass tearDown -->
  <testcase name="testDrugsLoginExp" time="0.005" classname="websitetest.HomePageTest">
    <skipped/>
  </testcase> <!-- testDrugsLoginExp -->
</testsuite> <!-- Default test -->
