<?xml version="1.0" encoding="UTF-8"?>
<!-- Generated by org.testng.reporters.JUnitXMLReporter -->
<testsuite hostname="IM-RT-IT-039" name="dataProvide" tests="3" failures="0" timestamp="17 Apr 2015 11:55:19 GMT" time="0.047" errors="0">
  <testcase name="testDataProvider" time="0.016" classname="dataprovider.DataProviderTest"/>
  <testcase name="testDataProvider" time="0.002" classname="dataprovider.DataProviderTest"/>
  <testcase name="testDataProvider" time="0.0" classname="dataprovider.DataProviderTest"/>
</testsuite> <!-- dataProvide -->
