<?xml version="1.0" encoding="UTF-8"?>
<!-- Generated by org.testng.reporters.JUnitXMLReporter -->
<testsuite hostname="IM-RT-IT-039" name="test3" tests="3" failures="0" timestamp="28 Apr 2015 06:10:58 GMT" time="0.015" errors="0">
  <testcase name="testExp" time="0.0" classname="testngexp.TestngTestClass"/>
  <testcase name="groupTest2" time="0.01" classname="testngexp.TestngTestClass1"/>
  <testcase name="groupTest1" time="0.001" classname="testngexp.TestngTestClass1"/>
</testsuite> <!-- test3 -->
