<?xml version="1.0" encoding="UTF-8"?>
<!-- Generated by org.testng.reporters.JUnitXMLReporter -->
<testsuite hostname="IM-RT-IT-039" name="test5" tests="7" failures="0" timestamp="28 Apr 2015 06:10:58 GMT" time="62.523" errors="0">
  <testcase name="openWebSite" time="62.448" classname="dataprovideralltypes.FlipKartTest"/>
  <testcase name="test1" time="0.014" classname="dataprovideralltypes.DataProviderPassingMethod"/>
  <testcase name="test1" time="0.001" classname="dataprovideralltypes.DataProviderPassingMethod"/>
  <testcase name="test2" time="0.001" classname="dataprovideralltypes.DataProviderPassingMethod"/>
  <testcase name="test2" time="0.0" classname="dataprovideralltypes.DataProviderPassingMethod"/>
  <testcase name="test1" time="0.0" classname="dataprovideralltypes.DataProviderTestContext"/>
  <testcase name="test2" time="0.0" classname="dataprovideralltypes.DataProviderTestContext"/>
</testsuite> <!-- test5 -->
